<?xml version="1.0" encoding="UTF-8"?>
<testng-results ignored="0" total="1" passed="1" failed="0" skipped="0">
  <reporter-output>
  </reporter-output>
  <suite started-at="2024-12-22T20:25:12 AST" name="Default suite" finished-at="2024-12-22T20:25:32 AST" duration-ms="20084">
    <groups>
    </groups>
    <test started-at="2024-12-22T20:25:12 AST" name="Default test" finished-at="2024-12-22T20:25:32 AST" duration-ms="20084">
      <class name="MyTestCases1">
        <test-method is-config="true" signature="mystup()[pri:0, instance:MyTestCases1@7b84fcf8]" started-at="2024-12-22T20:25:12 AST" name="mystup" finished-at="2024-12-22T20:25:23 AST" duration-ms="10761" status="PASS">
          <reporter-output>
          </reporter-output>
        </test-method> <!-- mystup -->
        <test-method signature="myFirstTest()[pri:0, instance:MyTestCases1@7b84fcf8]" started-at="2024-12-22T20:25:23 AST" name="myFirstTest" finished-at="2024-12-22T20:25:27 AST" duration-ms="4057" status="PASS">
          <reporter-output>
          </reporter-output>
        </test-method> <!-- myFirstTest -->
        <test-method is-config="true" signature="AfterTheTestIsDone()[pri:0, instance:MyTestCases1@7b84fcf8]" started-at="2024-12-22T20:25:27 AST" name="AfterTheTestIsDone" finished-at="2024-12-22T20:25:32 AST" duration-ms="5237" status="PASS">
          <reporter-output>
          </reporter-output>
        </test-method> <!-- AfterTheTestIsDone -->
      </class> <!-- MyTestCases1 -->
    </test> <!-- Default test -->
  </suite> <!-- Default suite -->
</testng-results>
